{
  "stats": {
    "suites": 9,
    "tests": 28,
    "passes": 21,
    "pending": 7,
    "failures": 0,
    "start": "2019-04-01T09:13:11.900Z",
    "end": "2019-04-01T09:13:16.000Z",
    "duration": 4100,
    "testsRegistered": 28,
    "passPercent": 100,
    "pendingPercent": 25,
    "other": 0,
    "hasOther": false,
    "skipped": 0,
    "hasSkipped": false,
    "passPercentClass": "success",
    "pendingPercentClass": "danger"
  },
  "suites": {
    "uuid": "4584993e-2892-4e74-8427-3022a2676866",
    "title": "",
    "fullFile": "",
    "file": "",
    "beforeHooks": [],
    "afterHooks": [],
    "tests": [],
    "suites": [
      {
        "uuid": "1e0ec94c-36c4-48a3-8744-182b2bed02f3",
        "title": " ARM---摄像头服务",
        "fullFile": "/home/pengshuai/selfDir/AutoTestApi/LaserboxApiTest/test/CameraService/ArmLinuxServer.test.js",
        "file": "/test/CameraService/ArmLinuxServer.test.js",
        "beforeHooks": [],
        "afterHooks": [],
        "tests": [],
        "suites": [
          {
            "uuid": "19c19567-bd6d-46f9-93a9-6b230b43dae6",
            "title": "拍摄 API",
            "fullFile": "/home/pengshuai/selfDir/AutoTestApi/LaserboxApiTest/test/CameraService/ArmLinuxServer.test.js",
            "file": "/test/CameraService/ArmLinuxServer.test.js",
            "beforeHooks": [
              {
                "title": "\"before all\" hook",
                "fullTitle": " ARM---摄像头服务 拍摄 API \"before all\" hook",
                "timedOut": false,
                "duration": 0,
                "pass": false,
                "fail": false,
                "pending": false,
                "code": "console.info(\"ARM---摄像头服务用例集开始\")",
                "err": {},
                "isRoot": false,
                "uuid": "5cfc8d96-7c76-4709-8346-f65ac7614563",
                "isHook": true,
                "skipped": false
              }
            ],
            "afterHooks": [
              {
                "title": "\"after all\" hook",
                "fullTitle": " ARM---摄像头服务 拍摄 API \"after all\" hook",
                "timedOut": false,
                "duration": 0,
                "pass": false,
                "fail": false,
                "pending": false,
                "code": "console.info(\"ARM---摄像头服务用例集结束\")",
                "err": {},
                "isRoot": false,
                "uuid": "62ca5287-a239-44dd-91a7-9fcfc1a4d36a",
                "isHook": true,
                "skipped": false
              }
            ],
            "tests": [
              {
                "title": " 拍摄 /snap@name {stream} @value {\"0\"} @required{ true } @paramType{ String }",
                "fullTitle": " ARM---摄像头服务 拍摄 API  拍摄 /snap@name {stream} @value {\"0\"} @required{ true } @paramType{ String }",
                "timedOut": false,
                "duration": 120,
                "state": "passed",
                "speed": "slow",
                "pass": true,
                "fail": false,
                "pending": false,
                "code": "request(ArmServer)\n                .get('/snap?stream=0')\n                //.set('Accept', 'application/json')\n                .expect(200)\n                .end(function (err, res) {\n                    if (err) return err\n                    //   console.log(typeof( res.body),'bode1',res.headers.Connection)\n                    chaiExpect(res.body).to.exist\n                    done();\n                });",
                "err": {},
                "isRoot": false,
                "uuid": "9a0626bd-4673-48bf-a1a7-083d61ec5e48",
                "isHook": false,
                "skipped": false
              },
              {
                "title": " 拍摄 /snap@name {stream} @value {\"1\"} @required{ true} @paramType{ String }",
                "fullTitle": " ARM---摄像头服务 拍摄 API  拍摄 /snap@name {stream} @value {\"1\"} @required{ true} @paramType{ String }",
                "timedOut": false,
                "duration": 137,
                "state": "passed",
                "speed": "slow",
                "pass": true,
                "fail": false,
                "pending": false,
                "code": "//  this.timeout(8000)\nconst a = 1\nrequest(ArmServer)\n    .get(`/snap?stream={a}`)\n    .expect(200)\n    .end(function (err, res) {\n        if (err) return err\n        // console.log('body2',res.text,res.buffered)\n        chaiExpect(res.body).to.exist\n        done()\n    })",
                "err": {},
                "isRoot": false,
                "uuid": "fa8a8332-59cb-438e-99e4-5e8da936dfc7",
                "isHook": false,
                "skipped": false
              },
              {
                "title": " 拍摄 /snap@name {stream} @value {!@#$//&*()} @required{ true} @paramType{ String }",
                "fullTitle": " ARM---摄像头服务 拍摄 API  拍摄 /snap@name {stream} @value {!@#$//&*()} @required{ true} @paramType{ String }",
                "timedOut": false,
                "duration": 153,
                "state": "passed",
                "speed": "slow",
                "pass": true,
                "fail": false,
                "pending": false,
                "code": "//  this.timeout(8000)\nconst a = '!@#$//&*()'\nrequest(ArmServer)\n    .get(`/snap?stream={a}`)\n    .expect(200)\n    .end(function (err, res) {\n        if (err) return err\n        // console.log('body2',res.text,res.buffered)\n        chaiExpect(res.body).to.exist\n        done()\n    })",
                "err": {},
                "isRoot": false,
                "uuid": "41b7e2b8-aad1-413f-b139-80a46b3b6ac9",
                "isHook": false,
                "skipped": false
              },
              {
                "title": " 拍摄 /snap@name {stream} @value {\"9999999\"} @required{ true} @paramType{ String }",
                "fullTitle": " ARM---摄像头服务 拍摄 API  拍摄 /snap@name {stream} @value {\"9999999\"} @required{ true} @paramType{ String }",
                "timedOut": false,
                "duration": 129,
                "state": "passed",
                "speed": "slow",
                "pass": true,
                "fail": false,
                "pending": false,
                "code": "//  this.timeout(8000)\nconst a = '9999999'\nrequest(ArmServer)\n    .get(`/snap?stream={a}`)\n    .expect(200)\n    .end(function (err, res) {\n        if (err) return err\n        // console.log('body2',res.text,res.buffered)\n        chaiExpect(res.body).to.exist\n        done()\n    })",
                "err": {},
                "isRoot": false,
                "uuid": "596cd192-a2c8-4249-bffa-e4cd5a9738ec",
                "isHook": false,
                "skipped": false
              },
              {
                "title": " 拍摄 /snap@name {stream} @value {010} @required{ true} @paramType{ number }",
                "fullTitle": " ARM---摄像头服务 拍摄 API  拍摄 /snap@name {stream} @value {010} @required{ true} @paramType{ number }",
                "timedOut": false,
                "duration": 139,
                "state": "passed",
                "speed": "slow",
                "pass": true,
                "fail": false,
                "pending": false,
                "code": "//  this.timeout(8000)\nconst a = 010\nrequest(ArmServer)\n    .get(`/snap?stream={a}`)\n    .expect(200)\n    .end(function (err, res) {\n        if (err) return err\n        // console.log('body2',res.text,res.buffered)\n        chaiExpect(res.body).to.exist\n        done()\n    })",
                "err": {},
                "isRoot": false,
                "uuid": "81e6aa66-cf77-48b1-a40d-5d2592929baa",
                "isHook": false,
                "skipped": false
              },
              {
                "title": " 拍摄 /snap@name {stream} @value {9999999} @required{ true} @paramType{ number }",
                "fullTitle": " ARM---摄像头服务 拍摄 API  拍摄 /snap@name {stream} @value {9999999} @required{ true} @paramType{ number }",
                "timedOut": false,
                "duration": 134,
                "state": "passed",
                "speed": "slow",
                "pass": true,
                "fail": false,
                "pending": false,
                "code": "//  this.timeout(8000)\nconst a = 9999999\nrequest(ArmServer)\n    .get(`/snap?stream={a}`)\n    .expect(200)\n    .end(function (err, res) {\n        if (err) return err\n        // console.log('body2',res.text,res.buffered)\n        chaiExpect(res.body).to.exist\n        done()\n    })",
                "err": {},
                "isRoot": false,
                "uuid": "270a5873-a245-4de9-b446-152eef70f3fa",
                "isHook": false,
                "skipped": false
              }
            ],
            "suites": [],
            "passes": [
              "9a0626bd-4673-48bf-a1a7-083d61ec5e48",
              "fa8a8332-59cb-438e-99e4-5e8da936dfc7",
              "41b7e2b8-aad1-413f-b139-80a46b3b6ac9",
              "596cd192-a2c8-4249-bffa-e4cd5a9738ec",
              "81e6aa66-cf77-48b1-a40d-5d2592929baa",
              "270a5873-a245-4de9-b446-152eef70f3fa"
            ],
            "failures": [],
            "pending": [],
            "skipped": [],
            "duration": 812,
            "root": false,
            "rootEmpty": false,
            "_timeout": 20000
          },
          {
            "uuid": "c374a56b-ed98-47df-b708-bc2b38193ed3",
            "title": "曝光设置 API",
            "fullFile": "/home/pengshuai/selfDir/AutoTestApi/LaserboxApiTest/test/CameraService/ArmLinuxServer.test.js",
            "file": "/test/CameraService/ArmLinuxServer.test.js",
            "beforeHooks": [],
            "afterHooks": [],
            "tests": [
              {
                "title": "曝光参数设置 @name{exp}@value {0}@required{ true}",
                "fullTitle": " ARM---摄像头服务 曝光设置 API 曝光参数设置 @name{exp}@value {0}@required{ true}",
                "timedOut": false,
                "duration": 51,
                "state": "passed",
                "speed": "medium",
                "pass": true,
                "fail": false,
                "pending": false,
                "code": "request(ArmServer)\n    .get('/camera?exp=0')\n    .expect(200)\n    .end((err, res) => {\n        //  console.log('res3',)\n        chaiExpect(res.headers.server).to.be.equal('MJPG-Streamer/0.2')\n        chaiExpect(JSON.parse(res.text).result).to.be.equal('ok')\n        done()\n    })",
                "err": {},
                "isRoot": false,
                "uuid": "961831b7-df0d-4380-a483-ed6fb340adbe",
                "isHook": false,
                "skipped": false
              },
              {
                "title": "曝光参数设置 @name{-1} exp",
                "fullTitle": " ARM---摄像头服务 曝光设置 API 曝光参数设置 @name{-1} exp",
                "timedOut": false,
                "duration": 68,
                "state": "passed",
                "speed": "medium",
                "pass": true,
                "fail": false,
                "pending": false,
                "code": "request(ArmServer)\n    .get('/camera?exp=-1')\n    .expect(200)\n    .end((err, res) => {\n        //  console.log('res3',)\n        chaiExpect(res.headers.server).to.be.equal('MJPG-Streamer/0.2')\n        chaiExpect(JSON.parse(res.text).result).to.be.equal('ok')\n        done()\n    })",
                "err": {},
                "isRoot": false,
                "uuid": "238037b3-d4a5-4878-901a-c88c5c19325c",
                "isHook": false,
                "skipped": false
              },
              {
                "title": "曝光参数设置 @name{exp}@value{50}@required{ true} ",
                "fullTitle": " ARM---摄像头服务 曝光设置 API 曝光参数设置 @name{exp}@value{50}@required{ true} ",
                "timedOut": false,
                "duration": 64,
                "state": "passed",
                "speed": "medium",
                "pass": true,
                "fail": false,
                "pending": false,
                "code": "request(ArmServer)\n    .get('/camera?exp=50')\n    .expect(200)\n    .end((err, res) => {\n        //  console.log('res3',)\n        chaiExpect(res.headers.server).to.be.equal('MJPG-Streamer/0.2')\n        chaiExpect(JSON.parse(res.text).result).to.be.equal('ok')\n        done()\n    })",
                "err": {},
                "isRoot": false,
                "uuid": "9fcf30f1-d027-4d26-9f03-3451b9e6b4b2",
                "isHook": false,
                "skipped": false
              },
              {
                "title": "曝光参数设置 @name{exp}@value{100}@required{ true}",
                "fullTitle": " ARM---摄像头服务 曝光设置 API 曝光参数设置 @name{exp}@value{100}@required{ true}",
                "timedOut": false,
                "duration": 66,
                "state": "passed",
                "speed": "medium",
                "pass": true,
                "fail": false,
                "pending": false,
                "code": "request(ArmServer)\n    .get('/camera?exp=100')\n    .expect(200)\n    .end((err, res) => {\n        //  console.log('res3',)\n        chaiExpect(res.headers.server).to.be.equal('MJPG-Streamer/0.2')\n        chaiExpect(JSON.parse(res.text).result).to.be.equal('ok')\n        done()\n    })",
                "err": {},
                "isRoot": false,
                "uuid": "e14d7e67-f2d4-4865-990f-b1ed85febc1d",
                "isHook": false,
                "skipped": false
              },
              {
                "title": "曝光参数设置 @name{101} exp",
                "fullTitle": " ARM---摄像头服务 曝光设置 API 曝光参数设置 @name{101} exp",
                "timedOut": false,
                "duration": 69,
                "state": "passed",
                "speed": "medium",
                "pass": true,
                "fail": false,
                "pending": false,
                "code": "request(ArmServer)\n    .get('/camera?exp=101')\n    .expect(200)\n    .end((err, res) => {\n        //  console.log('res3',)\n        chaiExpect(res.headers.server).to.be.equal('MJPG-Streamer/0.2')\n        chaiExpect(JSON.parse(res.text).result).to.be.equal('ok')\n        done()\n    })",
                "err": {},
                "isRoot": false,
                "uuid": "692b7a25-630a-4064-9a0f-b108be9e903e",
                "isHook": false,
                "skipped": false
              }
            ],
            "suites": [],
            "passes": [
              "961831b7-df0d-4380-a483-ed6fb340adbe",
              "238037b3-d4a5-4878-901a-c88c5c19325c",
              "9fcf30f1-d027-4d26-9f03-3451b9e6b4b2",
              "e14d7e67-f2d4-4865-990f-b1ed85febc1d",
              "692b7a25-630a-4064-9a0f-b108be9e903e"
            ],
            "failures": [],
            "pending": [],
            "skipped": [],
            "duration": 318,
            "root": false,
            "rootEmpty": false,
            "_timeout": 20000
          },
          {
            "uuid": "ed90e4a8-11e6-4f09-9060-5dd42fd63daa",
            "title": "曝光获取 API",
            "fullFile": "/home/pengshuai/selfDir/AutoTestApi/LaserboxApiTest/test/CameraService/ArmLinuxServer.test.js",
            "file": "/test/CameraService/ArmLinuxServer.test.js",
            "beforeHooks": [],
            "afterHooks": [],
            "tests": [
              {
                "title": " 获取曝光模式、曝光值 @name{action}@value{exp}  ",
                "fullTitle": " ARM---摄像头服务 曝光获取 API  获取曝光模式、曝光值 @name{action}@value{exp}  ",
                "timedOut": false,
                "duration": 41,
                "state": "passed",
                "speed": "medium",
                "pass": true,
                "fail": false,
                "pending": false,
                "code": "request(ArmServer).get('/camera?action=exp')\n                .expect(200)\n                .end(function (err,res){                          \n                     // console.log('res',res.text,typeof(( res.text)))\n                 chaiExpect(res.text).to.be.an('string')     \n                // chaiExpect(JSON.parse( res.text)).to.equal({ mode: 'manual',exp: '101' })\n                chaiExpect(JSON.parse(res.text)).to.have.property('mode','manual')  \n                chaiExpect(JSON.parse(res.text)).to.have.property('exp','101')     \n                 done()                          \n            })",
                "err": {},
                "isRoot": false,
                "uuid": "edd402e0-7f23-4e89-bdf5-714f9d675c65",
                "isHook": false,
                "skipped": false
              },
              {
                "title": "获取曝光模式、曝光值 @name{action}@value{null}",
                "fullTitle": " ARM---摄像头服务 曝光获取 API 获取曝光模式、曝光值 @name{action}@value{null}",
                "timedOut": false,
                "duration": 37,
                "state": "passed",
                "speed": "fast",
                "pass": true,
                "fail": false,
                "pending": false,
                "code": "request(ArmServer)\n            .get('/camera?action=')\n            .expect(200)\n            .end((err,res)=>{\n                \n                chaiExpect(res.text).to.be.an('string')\n                chaiExpect(res.text).to.be.equal('invalid request')\n                done()\n            })",
                "err": {},
                "isRoot": false,
                "uuid": "0eade0ce-074a-412b-a896-ae3d8a462bbe",
                "isHook": false,
                "skipped": false
              },
              {
                "title": "获取曝光模式、曝光值 @name{action}@value{@!#$%^&*()}",
                "fullTitle": " ARM---摄像头服务 曝光获取 API 获取曝光模式、曝光值 @name{action}@value{@!#$%^&*()}",
                "timedOut": false,
                "duration": 37,
                "state": "passed",
                "speed": "fast",
                "pass": true,
                "fail": false,
                "pending": false,
                "code": "request(ArmServer)\n            .get('/camera?action=@!#$%^&*()}')\n            .expect(200)\n            .end((err,res)=>{\n                console.log('ss',res.text)\n                \n                chaiExpect(res.text).to.be.an('string')\n                chaiExpect(res.text).to.be.equal('invalid request')\n                done()\n            })",
                "err": {},
                "isRoot": false,
                "uuid": "6c72bcc2-cbff-4747-803a-e62d95f9a6f0",
                "isHook": false,
                "skipped": false
              },
              {
                "title": "获取曝光模式、曝光值 @name{action}@value{exp}",
                "fullTitle": " ARM---摄像头服务 曝光获取 API 获取曝光模式、曝光值 @name{action}@value{exp}",
                "timedOut": false,
                "duration": 36,
                "state": "passed",
                "speed": "fast",
                "pass": true,
                "fail": false,
                "pending": false,
                "code": "request(ArmServer)\n            .get('/camera?action= exp')\n            .expect(200)\n            .end((err,res)=>{\n                console.log('ss2',res.text)\n                \n                chaiExpect(res.text).to.be.an('string')\n                chaiExpect(res.text).to.be.equal('invalid request')\n                done()\n            })",
                "err": {},
                "isRoot": false,
                "uuid": "07cfc8a8-8501-4f3f-a9be-3d1ec12ba759",
                "isHook": false,
                "skipped": false
              }
            ],
            "suites": [],
            "passes": [
              "edd402e0-7f23-4e89-bdf5-714f9d675c65",
              "0eade0ce-074a-412b-a896-ae3d8a462bbe",
              "6c72bcc2-cbff-4747-803a-e62d95f9a6f0",
              "07cfc8a8-8501-4f3f-a9be-3d1ec12ba759"
            ],
            "failures": [],
            "pending": [],
            "skipped": [],
            "duration": 151,
            "root": false,
            "rootEmpty": false,
            "_timeout": 20000
          },
          {
            "uuid": "364fb84c-0e96-42e2-9091-c1a3096a181d",
            "title": "RCUT设置 ",
            "fullFile": "/home/pengshuai/selfDir/AutoTestApi/LaserboxApiTest/test/CameraService/ArmLinuxServer.test.js",
            "file": "/test/CameraService/ArmLinuxServer.test.js",
            "beforeHooks": [],
            "afterHooks": [],
            "tests": [
              {
                "title": "RCUT设置 @name{ircut}@value{0}",
                "fullTitle": " ARM---摄像头服务 RCUT设置  RCUT设置 @name{ircut}@value{0}",
                "timedOut": false,
                "duration": 546,
                "state": "passed",
                "speed": "slow",
                "pass": true,
                "fail": false,
                "pending": false,
                "code": "request(ArmServer)\n            .get('/camera?ircut=0')\n            .expect(200)\n            .end((err,res)=>{\n              //  console.log('xxx',JSON.parse( res.text),'yyyy',Object.prototype.toString.call( res.text))\n            chaiExpect(JSON.parse( res.text).result).to.equal('ok')\n                done()\n            })",
                "err": {},
                "isRoot": false,
                "uuid": "53a17e2c-6550-4f37-9fe5-731e7ad14b5b",
                "isHook": false,
                "skipped": false
              },
              {
                "title": "RCUT设置 @name{ircut}@value{1}",
                "fullTitle": " ARM---摄像头服务 RCUT设置  RCUT设置 @name{ircut}@value{1}",
                "timedOut": false,
                "duration": 549,
                "state": "passed",
                "speed": "slow",
                "pass": true,
                "fail": false,
                "pending": false,
                "code": "request(ArmServer)\n            .get('/camera?ircut=1')\n            .expect(200)\n            .end((err,res)=>{\n              //  console.log('xxx',JSON.parse( res.text),'yyyy',Object.prototype.toString.call( res.text))\n            chaiExpect(JSON.parse( res.text).result).to.equal('ok')\n                done()\n            })",
                "err": {},
                "isRoot": false,
                "uuid": "6e4235be-cf53-4dfc-afc0-81b15b557f0a",
                "isHook": false,
                "skipped": false
              },
              {
                "title": "RCUT设置 @name{ircut}@value{AabBcC}",
                "fullTitle": " ARM---摄像头服务 RCUT设置  RCUT设置 @name{ircut}@value{AabBcC}",
                "timedOut": false,
                "duration": 555,
                "state": "passed",
                "speed": "slow",
                "pass": true,
                "fail": false,
                "pending": false,
                "code": "request(ArmServer)\n            .get('/camera?ircut=AabBcC')\n            .expect(200)\n            .end((err,res)=>{\n                console.log('xxx',JSON.parse( res.text),'yyyy',Object.prototype.toString.call( res.text))\n            chaiExpect(JSON.parse( res.text).result).to.equal('ok')\n                done()\n            })",
                "err": {},
                "isRoot": false,
                "uuid": "c047dd39-52ae-4989-8ce8-9cd90bbb7347",
                "isHook": false,
                "skipped": false
              },
              {
                "title": "RCUT设置 @name{ircut}@value{1.1}",
                "fullTitle": " ARM---摄像头服务 RCUT设置  RCUT设置 @name{ircut}@value{1.1}",
                "timedOut": false,
                "duration": 548,
                "state": "passed",
                "speed": "slow",
                "pass": true,
                "fail": false,
                "pending": false,
                "code": "request(ArmServer)\n            .get('/camera?ircut=1.1')\n            .expect(200)\n            .end((err,res)=>{\n             //   console.log('xxx',JSON.parse( res),'yyyy',Object.prototype.toString.call( res))\n            chaiExpect(JSON.parse( res.text).result).to.equal('ok')\n                done()\n            })",
                "err": {},
                "isRoot": false,
                "uuid": "ad16bcb7-a744-4e4e-859f-b0884340c5ec",
                "isHook": false,
                "skipped": false
              },
              {
                "title": "RCUT设置 @name{ircut}@value{-1}",
                "fullTitle": " ARM---摄像头服务 RCUT设置  RCUT设置 @name{ircut}@value{-1}",
                "timedOut": false,
                "duration": 554,
                "state": "passed",
                "speed": "slow",
                "pass": true,
                "fail": false,
                "pending": false,
                "code": "request(ArmServer)\n            .get('/camera?ircut=-1')\n            .expect(200)\n            .end((err,res)=>{\n              //  console.log('xxx',JSON.parse( res),'yyyy',Object.prototype.toString.call( res))\n            chaiExpect(JSON.parse( res.text).result).to.equal('ok')\n                done()\n            })",
                "err": {},
                "isRoot": false,
                "uuid": "dc1e6abd-55ff-4e6e-87f9-a7dbd7b8978d",
                "isHook": false,
                "skipped": false
              }
            ],
            "suites": [],
            "passes": [
              "53a17e2c-6550-4f37-9fe5-731e7ad14b5b",
              "6e4235be-cf53-4dfc-afc0-81b15b557f0a",
              "c047dd39-52ae-4989-8ce8-9cd90bbb7347",
              "ad16bcb7-a744-4e4e-859f-b0884340c5ec",
              "dc1e6abd-55ff-4e6e-87f9-a7dbd7b8978d"
            ],
            "failures": [],
            "pending": [],
            "skipped": [],
            "duration": 2752,
            "root": false,
            "rootEmpty": false,
            "_timeout": 20000
          },
          {
            "uuid": "a213891f-d18c-4c5d-aad7-cfaf4b6453b4",
            "title": " 摄像头测距 err---{\"error\":\"failed\"}",
            "fullFile": "/home/pengshuai/selfDir/AutoTestApi/LaserboxApiTest/test/CameraService/ArmLinuxServer.test.js",
            "file": "/test/CameraService/ArmLinuxServer.test.js",
            "beforeHooks": [],
            "afterHooks": [],
            "tests": [
              {
                "title": "摄像头测距 @name{focus}@value{x,y,width,height}",
                "fullTitle": " ARM---摄像头服务  摄像头测距 err---{\"error\":\"failed\"} 摄像头测距 @name{focus}@value{x,y,width,height}",
                "timedOut": false,
                "duration": 44,
                "state": "passed",
                "speed": "medium",
                "pass": true,
                "fail": false,
                "pending": false,
                "code": "request(ArmServer)\n            .get('/camera?focus=50.02,50.02,200,200')\n            .expect(200)\n            .end((err,res)=>{\n                console.log('res',res)\n                done()\n            })",
                "err": {},
                "isRoot": false,
                "uuid": "2eca4a84-f0b3-4c67-99ba-4573ab69bfe4",
                "isHook": false,
                "skipped": false
              }
            ],
            "suites": [],
            "passes": [
              "2eca4a84-f0b3-4c67-99ba-4573ab69bfe4"
            ],
            "failures": [],
            "pending": [],
            "skipped": [],
            "duration": 44,
            "root": false,
            "rootEmpty": false,
            "_timeout": 20000
          },
          {
            "uuid": "d9ba3f9e-7c4e-4ad7-b7e1-51ebbc8ebadb",
            "title": "预览 --err TypeError: this._parser.write is not a function",
            "fullFile": "/home/pengshuai/selfDir/AutoTestApi/LaserboxApiTest/test/CameraService/ArmLinuxServer.test.js",
            "file": "/test/CameraService/ArmLinuxServer.test.js",
            "beforeHooks": [],
            "afterHooks": [],
            "tests": [
              {
                "title": "预览",
                "fullTitle": " ARM---摄像头服务 预览 --err TypeError: this._parser.write is not a function 预览",
                "timedOut": false,
                "duration": 0,
                "pass": false,
                "fail": false,
                "pending": true,
                "code": "",
                "err": {},
                "isRoot": false,
                "uuid": "583d48c7-162e-42e3-b122-bdae4ba0fe32",
                "isHook": false,
                "skipped": false
              }
            ],
            "suites": [],
            "passes": [],
            "failures": [],
            "pending": [
              "583d48c7-162e-42e3-b122-bdae4ba0fe32"
            ],
            "skipped": [],
            "duration": null,
            "root": false,
            "rootEmpty": false,
            "_timeout": 20000
          },
          {
            "uuid": "eaa38e99-5167-4edf-851e-16d38ade3d64",
            "title": "加工服务",
            "fullFile": "/home/pengshuai/selfDir/AutoTestApi/LaserboxApiTest/test/CameraService/ArmLinuxServer.test.js",
            "file": "/test/CameraService/ArmLinuxServer.test.js",
            "beforeHooks": [],
            "afterHooks": [],
            "tests": [
              {
                "title": "加工服务/发送单条指令",
                "fullTitle": " ARM---摄像头服务 加工服务 加工服务/发送单条指令",
                "timedOut": false,
                "duration": 0,
                "pass": false,
                "fail": false,
                "pending": true,
                "code": "",
                "err": {},
                "isRoot": false,
                "uuid": "30488d7d-b737-4872-8cfa-569b8f23eac1",
                "isHook": false,
                "skipped": false
              }
            ],
            "suites": [],
            "passes": [],
            "failures": [],
            "pending": [
              "30488d7d-b737-4872-8cfa-569b8f23eac1"
            ],
            "skipped": [],
            "duration": null,
            "root": false,
            "rootEmpty": false,
            "_timeout": 20000
          }
        ],
        "passes": [],
        "failures": [],
        "pending": [],
        "skipped": [],
        "duration": 0,
        "root": false,
        "rootEmpty": false,
        "_timeout": 20000
      },
      {
        "uuid": "d64ce2ff-a9ca-4832-9868-2229a0ff0be5",
        "title": "ARM---网络服务 ",
        "fullFile": "/home/pengshuai/selfDir/AutoTestApi/LaserboxApiTest/test/networkService/netServerApi.test.js",
        "file": "/test/networkService/netServerApi.test.js",
        "beforeHooks": [],
        "afterHooks": [],
        "tests": [
          {
            "title": " 获取当前a p列表 8080 ",
            "fullTitle": "ARM---网络服务   获取当前a p列表 8080 ",
            "timedOut": false,
            "duration": 0,
            "pass": false,
            "fail": false,
            "pending": true,
            "code": "",
            "err": {},
            "isRoot": false,
            "uuid": "6bd754ea-86fc-4345-b0dc-75b827cd03a2",
            "isHook": false,
            "skipped": false
          },
          {
            "title": "获取当前a p列表 8080",
            "fullTitle": "ARM---网络服务  获取当前a p列表 8080",
            "timedOut": false,
            "duration": 0,
            "pass": false,
            "fail": false,
            "pending": true,
            "code": "",
            "err": {},
            "isRoot": false,
            "uuid": "6f3cf311-1b13-4f94-b603-2f5598f8824c",
            "isHook": false,
            "skipped": false
          },
          {
            "title": "获取当前a p列表 8080",
            "fullTitle": "ARM---网络服务  获取当前a p列表 8080",
            "timedOut": false,
            "duration": 0,
            "pass": false,
            "fail": false,
            "pending": true,
            "code": "",
            "err": {},
            "isRoot": false,
            "uuid": "3148bf41-73be-4fc2-bf49-6a32f40c601b",
            "isHook": false,
            "skipped": false
          },
          {
            "title": "获取当前a p列表 8080",
            "fullTitle": "ARM---网络服务  获取当前a p列表 8080",
            "timedOut": false,
            "duration": 0,
            "pass": false,
            "fail": false,
            "pending": true,
            "code": "",
            "err": {},
            "isRoot": false,
            "uuid": "cc44ec88-819f-4e38-9e16-92f25d7ad84d",
            "isHook": false,
            "skipped": false
          },
          {
            "title": "获取当前a p列表 8080",
            "fullTitle": "ARM---网络服务  获取当前a p列表 8080",
            "timedOut": false,
            "duration": 0,
            "pass": false,
            "fail": false,
            "pending": true,
            "code": "",
            "err": {},
            "isRoot": false,
            "uuid": "6342352d-2003-4660-8cf4-b8750cfd6277",
            "isHook": false,
            "skipped": false
          }
        ],
        "suites": [],
        "passes": [],
        "failures": [],
        "pending": [
          "6bd754ea-86fc-4345-b0dc-75b827cd03a2",
          "6f3cf311-1b13-4f94-b603-2f5598f8824c",
          "3148bf41-73be-4fc2-bf49-6a32f40c601b",
          "cc44ec88-819f-4e38-9e16-92f25d7ad84d",
          "6342352d-2003-4660-8cf4-b8750cfd6277"
        ],
        "skipped": [],
        "duration": null,
        "root": false,
        "rootEmpty": false,
        "_timeout": 20000
      }
    ],
    "passes": [],
    "failures": [],
    "pending": [],
    "skipped": [],
    "duration": 0,
    "root": true,
    "rootEmpty": true,
    "_timeout": 20000
  },
  "copyrightYear": 2019
}