{
  "stats": {
    "suites": 10,
    "tests": 29,
    "passes": 1,
    "pending": 28,
    "failures": 0,
    "start": "2019-04-02T07:25:33.803Z",
    "end": "2019-04-02T07:25:33.821Z",
    "duration": 18,
    "testsRegistered": 29,
    "passPercent": 100,
    "pendingPercent": 96.6,
    "other": 0,
    "hasOther": false,
    "skipped": 0,
    "hasSkipped": false,
    "passPercentClass": "success",
    "pendingPercentClass": "success"
  },
  "suites": {
    "uuid": "7be0a7d5-627d-477d-b3aa-53159156f685",
    "title": "",
    "fullFile": "",
    "file": "",
    "beforeHooks": [],
    "afterHooks": [],
    "tests": [],
    "suites": [
      {
        "uuid": "07f90f19-e557-466b-bd98-d1f2ffc7f532",
        "title": " ARM---摄像头服务",
        "fullFile": "/home/pengshuai/selfDir/AutoTestApi/LaserboxApiTest/test/CameraService/ArmLinuxServer.test.js",
        "file": "/test/CameraService/ArmLinuxServer.test.js",
        "beforeHooks": [],
        "afterHooks": [],
        "tests": [],
        "suites": [
          {
            "uuid": "29b62892-594c-407b-ba4e-89e144dc03ee",
            "title": "拍摄 API",
            "fullFile": "/home/pengshuai/selfDir/AutoTestApi/LaserboxApiTest/test/CameraService/ArmLinuxServer.test.js",
            "file": "/test/CameraService/ArmLinuxServer.test.js",
            "beforeHooks": [],
            "afterHooks": [],
            "tests": [
              {
                "title": " 拍摄 /snap@name {stream} @value {\"0\"} @required{ true } @paramType{ String }",
                "fullTitle": " ARM---摄像头服务 拍摄 API  拍摄 /snap@name {stream} @value {\"0\"} @required{ true } @paramType{ String }",
                "timedOut": false,
                "duration": 0,
                "pass": false,
                "fail": false,
                "pending": true,
                "code": "",
                "err": {},
                "isRoot": false,
                "uuid": "c72137c7-4cd4-4a6b-9798-8b7c4ec980ac",
                "isHook": false,
                "skipped": false
              },
              {
                "title": " 拍摄 /snap@name {stream} @value {\"1\"} @required{ true} @paramType{ String }",
                "fullTitle": " ARM---摄像头服务 拍摄 API  拍摄 /snap@name {stream} @value {\"1\"} @required{ true} @paramType{ String }",
                "timedOut": false,
                "duration": 0,
                "pass": false,
                "fail": false,
                "pending": true,
                "code": "",
                "err": {},
                "isRoot": false,
                "uuid": "00082afc-7cf5-45af-9f36-1e1b960bc508",
                "isHook": false,
                "skipped": false
              },
              {
                "title": " 拍摄 /snap@name {stream} @value {!@#$//&*()} @required{ true} @paramType{ String }",
                "fullTitle": " ARM---摄像头服务 拍摄 API  拍摄 /snap@name {stream} @value {!@#$//&*()} @required{ true} @paramType{ String }",
                "timedOut": false,
                "duration": 0,
                "pass": false,
                "fail": false,
                "pending": true,
                "code": "",
                "err": {},
                "isRoot": false,
                "uuid": "464f7316-087d-4116-9e48-d2a0f36f7c28",
                "isHook": false,
                "skipped": false
              },
              {
                "title": " 拍摄 /snap@name {stream} @value {\"9999999\"} @required{ true} @paramType{ String }",
                "fullTitle": " ARM---摄像头服务 拍摄 API  拍摄 /snap@name {stream} @value {\"9999999\"} @required{ true} @paramType{ String }",
                "timedOut": false,
                "duration": 0,
                "pass": false,
                "fail": false,
                "pending": true,
                "code": "",
                "err": {},
                "isRoot": false,
                "uuid": "59e6beee-83fa-4935-ae25-b824adff4b45",
                "isHook": false,
                "skipped": false
              },
              {
                "title": " 拍摄 /snap@name {stream} @value {010} @required{ true} @paramType{ number }",
                "fullTitle": " ARM---摄像头服务 拍摄 API  拍摄 /snap@name {stream} @value {010} @required{ true} @paramType{ number }",
                "timedOut": false,
                "duration": 0,
                "pass": false,
                "fail": false,
                "pending": true,
                "code": "",
                "err": {},
                "isRoot": false,
                "uuid": "29c3da73-5ab5-46ee-9df4-f3db67bd494f",
                "isHook": false,
                "skipped": false
              },
              {
                "title": " 拍摄 /snap@name {stream} @value {9999999} @required{ true} @paramType{ number }",
                "fullTitle": " ARM---摄像头服务 拍摄 API  拍摄 /snap@name {stream} @value {9999999} @required{ true} @paramType{ number }",
                "timedOut": false,
                "duration": 0,
                "pass": false,
                "fail": false,
                "pending": true,
                "code": "",
                "err": {},
                "isRoot": false,
                "uuid": "e593fef9-2cd2-4359-869b-70f4fc950f5d",
                "isHook": false,
                "skipped": false
              }
            ],
            "suites": [],
            "passes": [],
            "failures": [],
            "pending": [
              "c72137c7-4cd4-4a6b-9798-8b7c4ec980ac",
              "00082afc-7cf5-45af-9f36-1e1b960bc508",
              "464f7316-087d-4116-9e48-d2a0f36f7c28",
              "59e6beee-83fa-4935-ae25-b824adff4b45",
              "29c3da73-5ab5-46ee-9df4-f3db67bd494f",
              "e593fef9-2cd2-4359-869b-70f4fc950f5d"
            ],
            "skipped": [],
            "duration": null,
            "root": false,
            "rootEmpty": false,
            "_timeout": 50000
          },
          {
            "uuid": "a66d2707-e4d6-431d-8239-96cbe8f9d72c",
            "title": "曝光设置 API",
            "fullFile": "/home/pengshuai/selfDir/AutoTestApi/LaserboxApiTest/test/CameraService/ArmLinuxServer.test.js",
            "file": "/test/CameraService/ArmLinuxServer.test.js",
            "beforeHooks": [],
            "afterHooks": [],
            "tests": [
              {
                "title": "曝光参数设置 @name{exp}@value {0}@required{ true}",
                "fullTitle": " ARM---摄像头服务 曝光设置 API 曝光参数设置 @name{exp}@value {0}@required{ true}",
                "timedOut": false,
                "duration": 0,
                "pass": false,
                "fail": false,
                "pending": true,
                "code": "",
                "err": {},
                "isRoot": false,
                "uuid": "98a28bbc-a954-4eef-9232-4bf97be78528",
                "isHook": false,
                "skipped": false
              },
              {
                "title": "曝光参数设置 @name{-1} exp",
                "fullTitle": " ARM---摄像头服务 曝光设置 API 曝光参数设置 @name{-1} exp",
                "timedOut": false,
                "duration": 0,
                "pass": false,
                "fail": false,
                "pending": true,
                "code": "",
                "err": {},
                "isRoot": false,
                "uuid": "542e8597-9f2a-48a7-92ac-c9b37d20fbbf",
                "isHook": false,
                "skipped": false
              },
              {
                "title": "曝光参数设置 @name{exp}@value{50}@required{ true} ",
                "fullTitle": " ARM---摄像头服务 曝光设置 API 曝光参数设置 @name{exp}@value{50}@required{ true} ",
                "timedOut": false,
                "duration": 0,
                "pass": false,
                "fail": false,
                "pending": true,
                "code": "",
                "err": {},
                "isRoot": false,
                "uuid": "bdb0f59a-52fe-40ac-b90c-f6a7f472522c",
                "isHook": false,
                "skipped": false
              },
              {
                "title": "曝光参数设置 @name{exp}@value{100}@required{ true}",
                "fullTitle": " ARM---摄像头服务 曝光设置 API 曝光参数设置 @name{exp}@value{100}@required{ true}",
                "timedOut": false,
                "duration": 0,
                "pass": false,
                "fail": false,
                "pending": true,
                "code": "",
                "err": {},
                "isRoot": false,
                "uuid": "3c7b415d-f3a5-4474-a95d-643f507057da",
                "isHook": false,
                "skipped": false
              },
              {
                "title": "曝光参数设置 @name{101} exp",
                "fullTitle": " ARM---摄像头服务 曝光设置 API 曝光参数设置 @name{101} exp",
                "timedOut": false,
                "duration": 0,
                "pass": false,
                "fail": false,
                "pending": true,
                "code": "",
                "err": {},
                "isRoot": false,
                "uuid": "258a304f-eb8b-4142-97c9-30f4657cc4db",
                "isHook": false,
                "skipped": false
              }
            ],
            "suites": [],
            "passes": [],
            "failures": [],
            "pending": [
              "98a28bbc-a954-4eef-9232-4bf97be78528",
              "542e8597-9f2a-48a7-92ac-c9b37d20fbbf",
              "bdb0f59a-52fe-40ac-b90c-f6a7f472522c",
              "3c7b415d-f3a5-4474-a95d-643f507057da",
              "258a304f-eb8b-4142-97c9-30f4657cc4db"
            ],
            "skipped": [],
            "duration": null,
            "root": false,
            "rootEmpty": false,
            "_timeout": 50000
          },
          {
            "uuid": "9eef55cb-f06d-4082-8a0f-b380afe07b92",
            "title": "曝光获取 API",
            "fullFile": "/home/pengshuai/selfDir/AutoTestApi/LaserboxApiTest/test/CameraService/ArmLinuxServer.test.js",
            "file": "/test/CameraService/ArmLinuxServer.test.js",
            "beforeHooks": [],
            "afterHooks": [],
            "tests": [
              {
                "title": " 获取曝光模式、曝光值 @name{action}@value{exp}  ",
                "fullTitle": " ARM---摄像头服务 曝光获取 API  获取曝光模式、曝光值 @name{action}@value{exp}  ",
                "timedOut": false,
                "duration": 0,
                "pass": false,
                "fail": false,
                "pending": true,
                "code": "",
                "err": {},
                "isRoot": false,
                "uuid": "b28b890e-612c-4fc2-8358-3f720d83e600",
                "isHook": false,
                "skipped": false
              },
              {
                "title": "获取曝光模式、曝光值 @name{action}@value{null}",
                "fullTitle": " ARM---摄像头服务 曝光获取 API 获取曝光模式、曝光值 @name{action}@value{null}",
                "timedOut": false,
                "duration": 0,
                "pass": false,
                "fail": false,
                "pending": true,
                "code": "",
                "err": {},
                "isRoot": false,
                "uuid": "1664a501-ef23-45fc-a921-8ea53e634b71",
                "isHook": false,
                "skipped": false
              },
              {
                "title": "获取曝光模式、曝光值 @name{action}@value{@!#$%^&*()}",
                "fullTitle": " ARM---摄像头服务 曝光获取 API 获取曝光模式、曝光值 @name{action}@value{@!#$%^&*()}",
                "timedOut": false,
                "duration": 0,
                "pass": false,
                "fail": false,
                "pending": true,
                "code": "",
                "err": {},
                "isRoot": false,
                "uuid": "b386d9ac-18c0-4139-baed-b97481a61606",
                "isHook": false,
                "skipped": false
              },
              {
                "title": "获取曝光模式、曝光值 @name{action}@value{exp}",
                "fullTitle": " ARM---摄像头服务 曝光获取 API 获取曝光模式、曝光值 @name{action}@value{exp}",
                "timedOut": false,
                "duration": 0,
                "pass": false,
                "fail": false,
                "pending": true,
                "code": "",
                "err": {},
                "isRoot": false,
                "uuid": "2c51ac41-6ab9-40ea-aef2-ee0315ed5dea",
                "isHook": false,
                "skipped": false
              }
            ],
            "suites": [],
            "passes": [],
            "failures": [],
            "pending": [
              "b28b890e-612c-4fc2-8358-3f720d83e600",
              "1664a501-ef23-45fc-a921-8ea53e634b71",
              "b386d9ac-18c0-4139-baed-b97481a61606",
              "2c51ac41-6ab9-40ea-aef2-ee0315ed5dea"
            ],
            "skipped": [],
            "duration": null,
            "root": false,
            "rootEmpty": false,
            "_timeout": 50000
          },
          {
            "uuid": "57a7b7fd-b05e-4947-b177-6bc17113c71f",
            "title": "RCUT设置 ",
            "fullFile": "/home/pengshuai/selfDir/AutoTestApi/LaserboxApiTest/test/CameraService/ArmLinuxServer.test.js",
            "file": "/test/CameraService/ArmLinuxServer.test.js",
            "beforeHooks": [],
            "afterHooks": [],
            "tests": [
              {
                "title": "RCUT设置 @name{ircut}@value{0}",
                "fullTitle": " ARM---摄像头服务 RCUT设置  RCUT设置 @name{ircut}@value{0}",
                "timedOut": false,
                "duration": 0,
                "pass": false,
                "fail": false,
                "pending": true,
                "code": "",
                "err": {},
                "isRoot": false,
                "uuid": "d58e5cfc-1c55-482c-b650-4ee753c7d8ec",
                "isHook": false,
                "skipped": false
              },
              {
                "title": "RCUT设置 @name{ircut}@value{1}",
                "fullTitle": " ARM---摄像头服务 RCUT设置  RCUT设置 @name{ircut}@value{1}",
                "timedOut": false,
                "duration": 0,
                "pass": false,
                "fail": false,
                "pending": true,
                "code": "",
                "err": {},
                "isRoot": false,
                "uuid": "03e5ebc9-e8f8-4bb0-89ef-d3e9defb9bfe",
                "isHook": false,
                "skipped": false
              },
              {
                "title": "RCUT设置 @name{ircut}@value{AabBcC}",
                "fullTitle": " ARM---摄像头服务 RCUT设置  RCUT设置 @name{ircut}@value{AabBcC}",
                "timedOut": false,
                "duration": 0,
                "pass": false,
                "fail": false,
                "pending": true,
                "code": "",
                "err": {},
                "isRoot": false,
                "uuid": "d8681297-f442-4ff7-845a-a14101f79385",
                "isHook": false,
                "skipped": false
              },
              {
                "title": "RCUT设置 @name{ircut}@value{1.1}",
                "fullTitle": " ARM---摄像头服务 RCUT设置  RCUT设置 @name{ircut}@value{1.1}",
                "timedOut": false,
                "duration": 0,
                "pass": false,
                "fail": false,
                "pending": true,
                "code": "",
                "err": {},
                "isRoot": false,
                "uuid": "c7e6aca7-572f-4410-b31e-b7ef8eba8608",
                "isHook": false,
                "skipped": false
              },
              {
                "title": "RCUT设置 @name{ircut}@value{-1}",
                "fullTitle": " ARM---摄像头服务 RCUT设置  RCUT设置 @name{ircut}@value{-1}",
                "timedOut": false,
                "duration": 0,
                "pass": false,
                "fail": false,
                "pending": true,
                "code": "",
                "err": {},
                "isRoot": false,
                "uuid": "71a2691a-a0ae-4adb-99c6-01a0ef292b48",
                "isHook": false,
                "skipped": false
              }
            ],
            "suites": [],
            "passes": [],
            "failures": [],
            "pending": [
              "d58e5cfc-1c55-482c-b650-4ee753c7d8ec",
              "03e5ebc9-e8f8-4bb0-89ef-d3e9defb9bfe",
              "d8681297-f442-4ff7-845a-a14101f79385",
              "c7e6aca7-572f-4410-b31e-b7ef8eba8608",
              "71a2691a-a0ae-4adb-99c6-01a0ef292b48"
            ],
            "skipped": [],
            "duration": null,
            "root": false,
            "rootEmpty": false,
            "_timeout": 50000
          },
          {
            "uuid": "8dd50de1-826f-44a2-993d-51d3ee42a0ba",
            "title": " 摄像头测距 err---{\"error\":\"failed\"}",
            "fullFile": "/home/pengshuai/selfDir/AutoTestApi/LaserboxApiTest/test/CameraService/ArmLinuxServer.test.js",
            "file": "/test/CameraService/ArmLinuxServer.test.js",
            "beforeHooks": [],
            "afterHooks": [],
            "tests": [
              {
                "title": "摄像头测距 @name{focus}@value{x,y,width,height}",
                "fullTitle": " ARM---摄像头服务  摄像头测距 err---{\"error\":\"failed\"} 摄像头测距 @name{focus}@value{x,y,width,height}",
                "timedOut": false,
                "duration": 0,
                "pass": false,
                "fail": false,
                "pending": true,
                "code": "",
                "err": {},
                "isRoot": false,
                "uuid": "b387b75d-ac1a-4c9e-9506-743eb989a6c4",
                "isHook": false,
                "skipped": false
              }
            ],
            "suites": [],
            "passes": [],
            "failures": [],
            "pending": [
              "b387b75d-ac1a-4c9e-9506-743eb989a6c4"
            ],
            "skipped": [],
            "duration": null,
            "root": false,
            "rootEmpty": false,
            "_timeout": 50000
          },
          {
            "uuid": "92239bd1-624e-47d7-beaf-724b2f895a7a",
            "title": "预览 --err TypeError: this._parser.write is not a function",
            "fullFile": "/home/pengshuai/selfDir/AutoTestApi/LaserboxApiTest/test/CameraService/ArmLinuxServer.test.js",
            "file": "/test/CameraService/ArmLinuxServer.test.js",
            "beforeHooks": [],
            "afterHooks": [],
            "tests": [
              {
                "title": "预览",
                "fullTitle": " ARM---摄像头服务 预览 --err TypeError: this._parser.write is not a function 预览",
                "timedOut": false,
                "duration": 0,
                "pass": false,
                "fail": false,
                "pending": true,
                "code": "",
                "err": {},
                "isRoot": false,
                "uuid": "37b7d3c5-85bd-43ce-beee-08ab21c69168",
                "isHook": false,
                "skipped": false
              }
            ],
            "suites": [],
            "passes": [],
            "failures": [],
            "pending": [
              "37b7d3c5-85bd-43ce-beee-08ab21c69168"
            ],
            "skipped": [],
            "duration": null,
            "root": false,
            "rootEmpty": false,
            "_timeout": 50000
          },
          {
            "uuid": "9f0dd536-e576-4281-bb1e-9dedd109e1b7",
            "title": "加工服务",
            "fullFile": "/home/pengshuai/selfDir/AutoTestApi/LaserboxApiTest/test/CameraService/ArmLinuxServer.test.js",
            "file": "/test/CameraService/ArmLinuxServer.test.js",
            "beforeHooks": [],
            "afterHooks": [],
            "tests": [
              {
                "title": "加工服务/发送单条指令",
                "fullTitle": " ARM---摄像头服务 加工服务 加工服务/发送单条指令",
                "timedOut": false,
                "duration": 0,
                "pass": false,
                "fail": false,
                "pending": true,
                "code": "",
                "err": {},
                "isRoot": false,
                "uuid": "5e350f80-85ed-4baa-8057-74f4f1f1c0a5",
                "isHook": false,
                "skipped": false
              }
            ],
            "suites": [],
            "passes": [],
            "failures": [],
            "pending": [
              "5e350f80-85ed-4baa-8057-74f4f1f1c0a5"
            ],
            "skipped": [],
            "duration": null,
            "root": false,
            "rootEmpty": false,
            "_timeout": 50000
          }
        ],
        "passes": [],
        "failures": [],
        "pending": [],
        "skipped": [],
        "duration": 0,
        "root": false,
        "rootEmpty": false,
        "_timeout": 50000
      },
      {
        "uuid": "fceb3ed5-dd65-45a3-be1f-b24a4efa92ea",
        "title": "乘法函数的测试",
        "fullFile": "/home/pengshuai/selfDir/AutoTestApi/LaserboxApiTest/test/networkService/multiply.test.js",
        "file": "/test/networkService/multiply.test.js",
        "beforeHooks": [],
        "afterHooks": [],
        "tests": [
          {
            "title": "1 乘 1 应该等于 1",
            "fullTitle": "乘法函数的测试 1 乘 1 应该等于 1",
            "timedOut": false,
            "duration": 2,
            "state": "passed",
            "speed": "fast",
            "pass": true,
            "fail": false,
            "pending": false,
            "code": "console.log(`${multiply(1,2)}`)\n    expect(multiply(1, 1)).to.be.equal(1);",
            "err": {},
            "isRoot": false,
            "uuid": "3f9bea99-1c56-4842-b2fe-d30f8339111f",
            "isHook": false,
            "skipped": false
          }
        ],
        "suites": [],
        "passes": [
          "3f9bea99-1c56-4842-b2fe-d30f8339111f"
        ],
        "failures": [],
        "pending": [],
        "skipped": [],
        "duration": 2,
        "root": false,
        "rootEmpty": false,
        "_timeout": 50000
      },
      {
        "uuid": "811c0aa4-2603-4147-a9aa-1247398d2f30",
        "title": "ARM---网络服务 ",
        "fullFile": "/home/pengshuai/selfDir/AutoTestApi/LaserboxApiTest/test/networkService/netServerApi.test.js",
        "file": "/test/networkService/netServerApi.test.js",
        "beforeHooks": [],
        "afterHooks": [],
        "tests": [
          {
            "title": " 获取当前a p列表 8080 ",
            "fullTitle": "ARM---网络服务   获取当前a p列表 8080 ",
            "timedOut": false,
            "duration": 0,
            "pass": false,
            "fail": false,
            "pending": true,
            "code": "",
            "err": {},
            "isRoot": false,
            "uuid": "a4d6912e-a3eb-4ed2-95d2-286757984e95",
            "isHook": false,
            "skipped": false
          },
          {
            "title": "获取当前a p列表 8080",
            "fullTitle": "ARM---网络服务  获取当前a p列表 8080",
            "timedOut": false,
            "duration": 0,
            "pass": false,
            "fail": false,
            "pending": true,
            "code": "",
            "err": {},
            "isRoot": false,
            "uuid": "2f331df8-2feb-45cd-be30-c3812a0465dc",
            "isHook": false,
            "skipped": false
          },
          {
            "title": "获取当前a p列表 8080",
            "fullTitle": "ARM---网络服务  获取当前a p列表 8080",
            "timedOut": false,
            "duration": 0,
            "pass": false,
            "fail": false,
            "pending": true,
            "code": "",
            "err": {},
            "isRoot": false,
            "uuid": "38c7c0be-cc42-4917-ba0e-460deb084734",
            "isHook": false,
            "skipped": false
          },
          {
            "title": "获取当前a p列表 8080",
            "fullTitle": "ARM---网络服务  获取当前a p列表 8080",
            "timedOut": false,
            "duration": 0,
            "pass": false,
            "fail": false,
            "pending": true,
            "code": "",
            "err": {},
            "isRoot": false,
            "uuid": "92ad6070-1513-42fc-80ba-49e39fb1269b",
            "isHook": false,
            "skipped": false
          },
          {
            "title": "获取当前a p列表 8080",
            "fullTitle": "ARM---网络服务  获取当前a p列表 8080",
            "timedOut": false,
            "duration": 0,
            "pass": false,
            "fail": false,
            "pending": true,
            "code": "",
            "err": {},
            "isRoot": false,
            "uuid": "b4ece4ae-a683-4be2-9824-cb2494052cfd",
            "isHook": false,
            "skipped": false
          }
        ],
        "suites": [],
        "passes": [],
        "failures": [],
        "pending": [
          "a4d6912e-a3eb-4ed2-95d2-286757984e95",
          "2f331df8-2feb-45cd-be30-c3812a0465dc",
          "38c7c0be-cc42-4917-ba0e-460deb084734",
          "92ad6070-1513-42fc-80ba-49e39fb1269b",
          "b4ece4ae-a683-4be2-9824-cb2494052cfd"
        ],
        "skipped": [],
        "duration": null,
        "root": false,
        "rootEmpty": false,
        "_timeout": 50000
      }
    ],
    "passes": [],
    "failures": [],
    "pending": [],
    "skipped": [],
    "duration": 0,
    "root": true,
    "rootEmpty": true,
    "_timeout": 50000
  },
  "copyrightYear": 2019
}